Looking in indexes: https://download.pytorch.org/whl/cu124
Collecting torch
  Using cached https://download-r2.pytorch.org/whl/cu124/torch-2.6.0%2Bcu124-cp312-cp312-win_amd64.whl.metadata (28 kB)
Collecting filelock (from torch)
  Using cached filelock-3.29.0-py3-none-any.whl.metadata (2.0 kB)
Collecting typing-extensions>=4.10.0 (from torch)
  Using cached https://download.pytorch.org/whl/typing_extensions-4.15.0-py3-none-any.whl.metadata (3.3 kB)
Collecting networkx (from torch)
  Using cached networkx-3.6.1-py3-none-any.whl.metadata (6.8 kB)
Collecting jinja2 (from torch)
  Using cached https://download.pytorch.org/whl/jinja2-3.1.6-py3-none-any.whl.metadata (2.9 kB)
Collecting fsspec (from torch)
  Using cached fsspec-2026.4.0-py3-none-any.whl.metadata (10 kB)
Collecting setuptools (from torch)
  Using cached https://download.pytorch.org/whl/setuptools-70.2.0-py3-none-any.whl.metadata (5.8 kB)
Collecting sympy==1.13.1 (from torch)
  Using cached sympy-1.13.1-py3-none-any.whl.metadata (12 kB)
Collecting mpmath<1.4,>=1.1.0 (from sympy==1.13.1->torch)
  Using cached mpmath-1.3.0-py3-none-any.whl.metadata (8.6 kB)
Collecting MarkupSafe>=2.0 (from jinja2->torch)
  Using cached https://download.pytorch.org/whl/markupsafe-3.0.3-cp312-cp312-win_amd64.whl.metadata (2.8 kB)
Downloading https://download-r2.pytorch.org/whl/cu124/torch-2.6.0%2Bcu124-cp312-cp312-win_amd64.whl (2532.3 MB)
   ---------------------------------------- 2.5/2.5 GB 896.1 kB/s eta 0:00:00

Using cached sympy-1.13.1-py3-none-any.whl (6.2 MB)
Using cached https://download.pytorch.org/whl/typing_extensions-4.15.0-py3-none-any.whl (44 kB)
Using cached filelock-3.29.0-py3-none-any.whl (39 kB)
Using cached fsspec-2026.4.0-py3-none-any.whl (203 kB)
Using cached https://download.pytorch.org/whl/jinja2-3.1.6-py3-none-any.whl (134 kB)
Using cached networkx-3.6.1-py3-none-any.whl (2.1 MB)
Using cached https://download.pytorch.org/whl/setuptools-70.2.0-py3-none-any.whl (930 kB)
Using cached https://download.pytorch.org/whl/markupsafe-3.0.3-cp312-cp312-win_amd64.whl (15 kB)
Using cached mpmath-1.3.0-py3-none-any.whl (536 kB)
Installing collected packages: mpmath, typing-extensions, sympy, setuptools, networkx, MarkupSafe, fsspec, filelock, jinja2, torch
  Attempting uninstall: mpmath
    Found existing installation: mpmath 1.3.0
    Uninstalling mpmath-1.3.0:
      Successfully uninstalled mpmath-1.3.0
  Attempting uninstall: typing-extensions
    Found existing installation: typing_extensions 4.15.0
    Uninstalling typing_extensions-4.15.0:
      Successfully uninstalled typing_extensions-4.15.0
  Attempting uninstall: sympy
    Found existing installation: sympy 1.13.1
    Uninstalling sympy-1.13.1:
      Successfully uninstalled sympy-1.13.1
  Attempting uninstall: setuptools
    Found existing installation: setuptools 70.2.0
    Uninstalling setuptools-70.2.0:
      Successfully uninstalled setuptools-70.2.0
  Attempting uninstall: networkx
    Found existing installation: networkx 3.6.1
    Uninstalling networkx-3.6.1:
      Successfully uninstalled networkx-3.6.1
  Attempting uninstall: MarkupSafe
    Found existing installation: MarkupSafe 3.0.3
    Uninstalling MarkupSafe-3.0.3:
      Successfully uninstalled MarkupSafe-3.0.3
  Attempting uninstall: fsspec
    Found existing installation: fsspec 2026.4.0
    Uninstalling fsspec-2026.4.0:
      Successfully uninstalled fsspec-2026.4.0
  Attempting uninstall: filelock
    Found existing installation: filelock 3.29.0
    Uninstalling filelock-3.29.0:
      Successfully uninstalled filelock-3.29.0
  Attempting uninstall: jinja2
    Found existing installation: Jinja2 3.1.6
    Uninstalling Jinja2-3.1.6:
      Successfully uninstalled Jinja2-3.1.6
  Attempting uninstall: torch
    Found existing installation: torch 2.6.0+cu124
    Uninstalling torch-2.6.0+cu124:
      Successfully uninstalled torch-2.6.0+cu124
Successfully installed MarkupSafe-3.0.3 filelock-3.29.0 fsspec-2026.4.0 jinja2-3.1.6 mpmath-1.3.0 networkx-3.6.1 setuptools-70.2.0 sympy-1.13.1 torch-2.6.0+cu124 typing-extensions-4.15.0
